This is pdfTeX, Version 3.141592653-2.6-1.40.25 (TeX Live 2023) (preloaded format=pdflatex 2024.3.10)  19 MAR 2024 20:32
entering extended mode
 restricted \write18 enabled.
 file:line:error style messages enabled.
 %&-line parsing enabled.
**"c:/Users/RIENZIE/Desktop/Rudin artin LInalag/Toplogy my note/topology_bookdown/_book/_main.tex"
(c:/Users/RIENZIE/Desktop/Rudin artin LInalag/Toplogy my note/topology_bookdown/_book/_main.tex
LaTeX2e <2023-11-01> patch level 1
L3 programming layer <2024-02-20>
(c:/Users/RIENZIE/AppData/Roaming/TinyTeX/texmf-dist/tex/latex/base/book.cls
Document Class: book 2023/05/17 v1.4n Standard LaTeX document class
(c:/Users/RIENZIE/AppData/Roaming/TinyTeX/texmf-dist/tex/latex/base/bk10.clo
File: bk10.clo 2023/05/17 v1.4n Standard LaTeX file (size option)
)
\c@part=\count188
\c@chapter=\count189
\c@section=\count190
\c@subsection=\count191
\c@subsubsection=\count192
\c@paragraph=\count193
\c@subparagraph=\count194
\c@figure=\count195
\c@table=\count196
\abovecaptionskip=\skip48
\belowcaptionskip=\skip49
\bibindent=\dimen140
) (c:/Users/RIENZIE/AppData/Roaming/TinyTeX/texmf-dist/tex/latex/amsmath/amsmath.sty
Package: amsmath 2023/05/13 v2.17o AMS math features
\@mathmargin=\skip50

For additional information on amsmath, use the `?' option.
(c:/Users/RIENZIE/AppData/Roaming/TinyTeX/texmf-dist/tex/latex/amsmath/amstext.sty
Package: amstext 2021/08/26 v2.01 AMS text
 (c:/Users/RIENZIE/AppData/Roaming/TinyTeX/texmf-dist/tex/latex/amsmath/amsgen.sty
File: amsgen.sty 1999/11/30 v2.0 generic functions
\@emptytoks=\toks17
\ex@=\dimen141
)) (c:/Users/RIENZIE/AppData/Roaming/TinyTeX/texmf-dist/tex/latex/amsmath/amsbsy.sty
Package: amsbsy 1999/11/29 v1.2d Bold Symbols
\pmbraise@=\dimen142
) (c:/Users/RIENZIE/AppData/Roaming/TinyTeX/texmf-dist/tex/latex/amsmath/amsopn.sty
Package: amsopn 2022/04/08 v2.04 operator names
)
\inf@bad=\count197
LaTeX Info: Redefining \frac on input line 234.
\uproot@=\count198
\leftroot@=\count199
LaTeX Info: Redefining \overline on input line 399.
LaTeX Info: Redefining \colon on input line 410.
\classnum@=\count266
\DOTSCASE@=\count267
LaTeX Info: Redefining \ldots on input line 496.
LaTeX Info: Redefining \dots on input line 499.
LaTeX Info: Redefining \cdots on input line 620.
\Mathstrutbox@=\box51
\strutbox@=\box52
LaTeX Info: Redefining \big on input line 722.
LaTeX Info: Redefining \Big on input line 723.
LaTeX Info: Redefining \bigg on input line 724.
LaTeX Info: Redefining \Bigg on input line 725.
\big@size=\dimen143
LaTeX Font Info:    Redeclaring font encoding OML on input line 743.
LaTeX Font Info:    Redeclaring font encoding OMS on input line 744.
\macc@depth=\count268
LaTeX Info: Redefining \bmod on input line 905.
LaTeX Info: Redefining \pmod on input line 910.
LaTeX Info: Redefining \smash on input line 940.
LaTeX Info: Redefining \relbar on input line 970.
LaTeX Info: Redefining \Relbar on input line 971.
\c@MaxMatrixCols=\count269
\dotsspace@=\muskip16
\c@parentequation=\count270
\dspbrk@lvl=\count271
\tag@help=\toks18
\row@=\count272
\column@=\count273
\maxfields@=\count274
\andhelp@=\toks19
\eqnshift@=\dimen144
\alignsep@=\dimen145
\tagshift@=\dimen146
\tagwidth@=\dimen147
\totwidth@=\dimen148
\lineht@=\dimen149
\@envbody=\toks20
\multlinegap=\skip51
\multlinetaggap=\skip52
\mathdisplay@stack=\toks21
LaTeX Info: Redefining \[ on input line 2953.
LaTeX Info: Redefining \] on input line 2954.
) (c:/Users/RIENZIE/AppData/Roaming/TinyTeX/texmf-dist/tex/latex/amsfonts/amssymb.sty
Package: amssymb 2013/01/14 v3.01 AMS font symbols
 (c:/Users/RIENZIE/AppData/Roaming/TinyTeX/texmf-dist/tex/latex/amsfonts/amsfonts.sty
Package: amsfonts 2013/01/14 v3.01 Basic AMSFonts support
\symAMSa=\mathgroup4
\symAMSb=\mathgroup5
LaTeX Font Info:    Redeclaring math symbol \hbar on input line 98.
LaTeX Font Info:    Overwriting math alphabet `\mathfrak' in version `bold'
(Font)                  U/euf/m/n --> U/euf/b/n on input line 106.
)) (c:/Users/RIENZIE/AppData/Roaming/TinyTeX/texmf-dist/tex/generic/iftex/iftex.sty
Package: iftex 2022/02/03 v1.0f TeX engine tests
) (c:/Users/RIENZIE/AppData/Roaming/TinyTeX/texmf-dist/tex/latex/base/fontenc.sty
Package: fontenc 2021/04/29 v2.0v Standard LaTeX package
) (c:/Users/RIENZIE/AppData/Roaming/TinyTeX/texmf-dist/tex/latex/base/inputenc.sty
Package: inputenc 2021/02/14 v1.3d Input encoding file
\inpenc@prehook=\toks22
\inpenc@posthook=\toks23
) (c:/Users/RIENZIE/AppData/Roaming/TinyTeX/texmf-dist/tex/latex/base/textcomp.sty
Package: textcomp 2020/02/02 v2.0n Standard LaTeX package
) (c:/Users/RIENZIE/AppData/Roaming/TinyTeX/texmf-dist/tex/latex/lm/lmodern.sty
Package: lmodern 2015/05/01 v1.6.1 Latin Modern Fonts
LaTeX Font Info:    Overwriting symbol font `operators' in version `normal'
(Font)                  OT1/cmr/m/n --> OT1/lmr/m/n on input line 22.
LaTeX Font Info:    Overwriting symbol font `letters' in version `normal'
(Font)                  OML/cmm/m/it --> OML/lmm/m/it on input line 23.
LaTeX Font Info:    Overwriting symbol font `symbols' in version `normal'
(Font)                  OMS/cmsy/m/n --> OMS/lmsy/m/n on input line 24.
LaTeX Font Info:    Overwriting symbol font `largesymbols' in version `normal'
(Font)                  OMX/cmex/m/n --> OMX/lmex/m/n on input line 25.
LaTeX Font Info:    Overwriting symbol font `operators' in version `bold'
(Font)                  OT1/cmr/bx/n --> OT1/lmr/bx/n on input line 26.
LaTeX Font Info:    Overwriting symbol font `letters' in version `bold'
(Font)                  OML/cmm/b/it --> OML/lmm/b/it on input line 27.
LaTeX Font Info:    Overwriting symbol font `symbols' in version `bold'
(Font)                  OMS/cmsy/b/n --> OMS/lmsy/b/n on input line 28.
LaTeX Font Info:    Overwriting symbol font `largesymbols' in version `bold'
(Font)                  OMX/cmex/m/n --> OMX/lmex/m/n on input line 29.
LaTeX Font Info:    Overwriting math alphabet `\mathbf' in version `normal'
(Font)                  OT1/cmr/bx/n --> OT1/lmr/bx/n on input line 31.
LaTeX Font Info:    Overwriting math alphabet `\mathsf' in version `normal'
(Font)                  OT1/cmss/m/n --> OT1/lmss/m/n on input line 32.
LaTeX Font Info:    Overwriting math alphabet `\mathit' in version `normal'
(Font)                  OT1/cmr/m/it --> OT1/lmr/m/it on input line 33.
LaTeX Font Info:    Overwriting math alphabet `\mathtt' in version `normal'
(Font)                  OT1/cmtt/m/n --> OT1/lmtt/m/n on input line 34.
LaTeX Font Info:    Overwriting math alphabet `\mathbf' in version `bold'
(Font)                  OT1/cmr/bx/n --> OT1/lmr/bx/n on input line 35.
LaTeX Font Info:    Overwriting math alphabet `\mathsf' in version `bold'
(Font)                  OT1/cmss/bx/n --> OT1/lmss/bx/n on input line 36.
LaTeX Font Info:    Overwriting math alphabet `\mathit' in version `bold'
(Font)                  OT1/cmr/bx/it --> OT1/lmr/bx/it on input line 37.
LaTeX Font Info:    Overwriting math alphabet `\mathtt' in version `bold'
(Font)                  OT1/cmtt/m/n --> OT1/lmtt/m/n on input line 38.
) (c:/Users/RIENZIE/AppData/Roaming/TinyTeX/texmf-dist/tex/latex/xcolor/xcolor.sty
Package: xcolor 2023/11/15 v3.01 LaTeX color extensions (UK)
 (c:/Users/RIENZIE/AppData/Roaming/TinyTeX/texmf-dist/tex/latex/graphics-cfg/color.cfg
File: color.cfg 2016/01/02 v1.6 sample color configuration
)
Package xcolor Info: Driver file: pdftex.def on input line 274.
 (c:/Users/RIENZIE/AppData/Roaming/TinyTeX/texmf-dist/tex/latex/graphics-def/pdftex.def
File: pdftex.def 2022/09/22 v1.2b Graphics/color driver for pdftex
) (c:/Users/RIENZIE/AppData/Roaming/TinyTeX/texmf-dist/tex/latex/graphics/mathcolor.ltx)
Package xcolor Info: Model `cmy' substituted by `cmy0' on input line 1350.
Package xcolor Info: Model `hsb' substituted by `rgb' on input line 1354.
Package xcolor Info: Model `RGB' extended on input line 1366.
Package xcolor Info: Model `HTML' substituted by `rgb' on input line 1368.
Package xcolor Info: Model `Hsb' substituted by `hsb' on input line 1369.
Package xcolor Info: Model `tHsb' substituted by `hsb' on input line 1370.
Package xcolor Info: Model `HSB' substituted by `hsb' on input line 1371.
Package xcolor Info: Model `Gray' substituted by `gray' on input line 1372.
Package xcolor Info: Model `wave' substituted by `hsb' on input line 1373.
) (c:/Users/RIENZIE/AppData/Roaming/TinyTeX/texmf-dist/tex/latex/tools/longtable.sty
Package: longtable 2023-11-01 v4.19 Multi-page Table package (DPC)
\LTleft=\skip53
\LTright=\skip54
\LTpre=\skip55
\LTpost=\skip56
\LTchunksize=\count275
\LTcapwidth=\dimen150
\LT@head=\box53
\LT@firsthead=\box54
\LT@foot=\box55
\LT@lastfoot=\box56
\LT@gbox=\box57
\LT@cols=\count276
\LT@rows=\count277
\c@LT@tables=\count278
\c@LT@chunks=\count279
\LT@p@ftn=\toks24
) (c:/Users/RIENZIE/AppData/Roaming/TinyTeX/texmf-dist/tex/latex/booktabs/booktabs.sty
Package: booktabs 2020/01/12 v1.61803398 Publication quality tables
\heavyrulewidth=\dimen151
\lightrulewidth=\dimen152
\cmidrulewidth=\dimen153
\belowrulesep=\dimen154
\belowbottomsep=\dimen155
\aboverulesep=\dimen156
\abovetopsep=\dimen157
\cmidrulesep=\dimen158
\cmidrulekern=\dimen159
\defaultaddspace=\dimen160
\@cmidla=\count280
\@cmidlb=\count281
\@aboverulesep=\dimen161
\@belowrulesep=\dimen162
\@thisruleclass=\count282
\@lastruleclass=\count283
\@thisrulewidth=\dimen163
) (c:/Users/RIENZIE/AppData/Roaming/TinyTeX/texmf-dist/tex/latex/tools/array.sty
Package: array 2023/10/16 v2.5g Tabular extension package (FMi)
\col@sep=\dimen164
\ar@mcellbox=\box58
\extrarowheight=\dimen165
\NC@list=\toks25
\extratabsurround=\skip57
\backup@length=\skip58
\ar@cellbox=\box59
) (c:/Users/RIENZIE/AppData/Roaming/TinyTeX/texmf-dist/tex/latex/tools/calc.sty
Package: calc 2023/07/08 v4.3 Infix arithmetic (KKT,FJ)
\calc@Acount=\count284
\calc@Bcount=\count285
\calc@Adimen=\dimen166
\calc@Bdimen=\dimen167
\calc@Askip=\skip59
\calc@Bskip=\skip60
LaTeX Info: Redefining \setlength on input line 80.
LaTeX Info: Redefining \addtolength on input line 81.
\calc@Ccount=\count286
\calc@Cskip=\skip61
) (c:/Users/RIENZIE/AppData/Roaming/TinyTeX/texmf-dist/tex/latex/etoolbox/etoolbox.sty
Package: etoolbox 2020/10/05 v2.5k e-TeX tools for LaTeX (JAW)
\etb@tempcnta=\count287
) (c:/Users/RIENZIE/AppData/Roaming/TinyTeX/texmf-dist/tex/latex/mdwtools/footnote.sty
Package: footnote 1997/01/28 1.13 Save footnotes around boxes
\fn@notes=\box60
\fn@width=\dimen168
) (c:/Users/RIENZIE/AppData/Roaming/TinyTeX/texmf-dist/tex/latex/graphics/graphicx.sty
Package: graphicx 2021/09/16 v1.2d Enhanced LaTeX Graphics (DPC,SPQR)
 (c:/Users/RIENZIE/AppData/Roaming/TinyTeX/texmf-dist/tex/latex/graphics/keyval.sty
Package: keyval 2022/05/29 v1.15 key=value parser (DPC)
\KV@toks@=\toks26
) (c:/Users/RIENZIE/AppData/Roaming/TinyTeX/texmf-dist/tex/latex/graphics/graphics.sty
Package: graphics 2022/03/10 v1.4e Standard LaTeX Graphics (DPC,SPQR)
 (c:/Users/RIENZIE/AppData/Roaming/TinyTeX/texmf-dist/tex/latex/graphics/trig.sty
Package: trig 2021/08/11 v1.11 sin cos tan (DPC)
) (c:/Users/RIENZIE/AppData/Roaming/TinyTeX/texmf-dist/tex/latex/graphics-cfg/graphics.cfg
File: graphics.cfg 2016/06/04 v1.11 sample graphics configuration
)
Package graphics Info: Driver file: pdftex.def on input line 107.
)
\Gin@req@height=\dimen169
\Gin@req@width=\dimen170
) (c:/Users/RIENZIE/AppData/Roaming/TinyTeX/texmf-dist/tex/latex/natbib/natbib.sty
Package: natbib 2010/09/13 8.31b (PWD, AO)
\bibhang=\skip62
\bibsep=\skip63
LaTeX Info: Redefining \cite on input line 694.
\c@NAT@ctr=\count288
) (c:/Users/RIENZIE/AppData/Roaming/TinyTeX/texmf-dist/tex/latex/hyperref/hyperref.sty
Package: hyperref 2024-01-20 v7.01h Hypertext links for LaTeX
 (c:/Users/RIENZIE/AppData/Roaming/TinyTeX/texmf-dist/tex/latex/kvsetkeys/kvsetkeys.sty
Package: kvsetkeys 2022-10-05 v1.19 Key value parser (HO)
) (c:/Users/RIENZIE/AppData/Roaming/TinyTeX/texmf-dist/tex/generic/kvdefinekeys/kvdefinekeys.sty
Package: kvdefinekeys 2019-12-19 v1.6 Define keys (HO)
) (c:/Users/RIENZIE/AppData/Roaming/TinyTeX/texmf-dist/tex/generic/pdfescape/pdfescape.sty
Package: pdfescape 2019/12/09 v1.15 Implements pdfTeX's escape features (HO)
 (c:/Users/RIENZIE/AppData/Roaming/TinyTeX/texmf-dist/tex/generic/ltxcmds/ltxcmds.sty
Package: ltxcmds 2023-12-04 v1.26 LaTeX kernel commands for general use (HO)
) (c:/Users/RIENZIE/AppData/Roaming/TinyTeX/texmf-dist/tex/generic/pdftexcmds/pdftexcmds.sty
Package: pdftexcmds 2020-06-27 v0.33 Utility functions of pdfTeX for LuaTeX (HO)
 (c:/Users/RIENZIE/AppData/Roaming/TinyTeX/texmf-dist/tex/generic/infwarerr/infwarerr.sty
Package: infwarerr 2019/12/03 v1.5 Providing info/warning/error messages (HO)
)
Package pdftexcmds Info: \pdf@primitive is available.
Package pdftexcmds Info: \pdf@ifprimitive is available.
Package pdftexcmds Info: \pdfdraftmode found.
)) (c:/Users/RIENZIE/AppData/Roaming/TinyTeX/texmf-dist/tex/latex/hycolor/hycolor.sty
Package: hycolor 2020-01-27 v1.10 Color options for hyperref/bookmark (HO)
) (c:/Users/RIENZIE/AppData/Roaming/TinyTeX/texmf-dist/tex/latex/auxhook/auxhook.sty
Package: auxhook 2019-12-17 v1.6 Hooks for auxiliary files (HO)
) (c:/Users/RIENZIE/AppData/Roaming/TinyTeX/texmf-dist/tex/latex/hyperref/nameref.sty
Package: nameref 2023-11-26 v2.56 Cross-referencing by name of section
 (c:/Users/RIENZIE/AppData/Roaming/TinyTeX/texmf-dist/tex/latex/refcount/refcount.sty
Package: refcount 2019/12/15 v3.6 Data extraction from label references (HO)
) (c:/Users/RIENZIE/AppData/Roaming/TinyTeX/texmf-dist/tex/generic/gettitlestring/gettitlestring.sty
Package: gettitlestring 2019/12/15 v1.6 Cleanup title references (HO)
 (c:/Users/RIENZIE/AppData/Roaming/TinyTeX/texmf-dist/tex/latex/kvoptions/kvoptions.sty
Package: kvoptions 2022-06-15 v3.15 Key value format for package options (HO)
))
\c@section@level=\count289
)
\@linkdim=\dimen171
\Hy@linkcounter=\count290
\Hy@pagecounter=\count291
 (c:/Users/RIENZIE/AppData/Roaming/TinyTeX/texmf-dist/tex/latex/hyperref/pd1enc.def
File: pd1enc.def 2024-01-20 v7.01h Hyperref: PDFDocEncoding definition (HO)
Now handling font encoding PD1 ...
... no UTF-8 mapping file for font encoding PD1
) (c:/Users/RIENZIE/AppData/Roaming/TinyTeX/texmf-dist/tex/generic/intcalc/intcalc.sty
Package: intcalc 2019/12/15 v1.3 Expandable calculations with integers (HO)
)
\Hy@SavedSpaceFactor=\count292
 (c:/Users/RIENZIE/AppData/Roaming/TinyTeX/texmf-dist/tex/latex/hyperref/puenc.def
File: puenc.def 2024-01-20 v7.01h Hyperref: PDF Unicode definition (HO)
Now handling font encoding PU ...
... no UTF-8 mapping file for font encoding PU
)
Package hyperref Info: Option `unicode' set `true' on input line 4062.
Package hyperref Info: Hyper figures OFF on input line 4179.
Package hyperref Info: Link nesting OFF on input line 4184.
Package hyperref Info: Hyper index ON on input line 4187.
Package hyperref Info: Plain pages OFF on input line 4194.
Package hyperref Info: Backreferencing OFF on input line 4199.
Package hyperref Info: Implicit mode ON; LaTeX internals redefined.
Package hyperref Info: Bookmarks ON on input line 4446.
\c@Hy@tempcnt=\count293
 (c:/Users/RIENZIE/AppData/Roaming/TinyTeX/texmf-dist/tex/latex/url/url.sty
\Urlmuskip=\muskip17
Package: url 2013/09/16  ver 3.4  Verb mode for urls, etc.
)
LaTeX Info: Redefining \url on input line 4784.
\XeTeXLinkMargin=\dimen172
 (c:/Users/RIENZIE/AppData/Roaming/TinyTeX/texmf-dist/tex/generic/bitset/bitset.sty
Package: bitset 2019/12/09 v1.3 Handle bit-vector datatype (HO)
 (c:/Users/RIENZIE/AppData/Roaming/TinyTeX/texmf-dist/tex/generic/bigintcalc/bigintcalc.sty
Package: bigintcalc 2019/12/15 v1.5 Expandable calculations on big integers (HO)
))
\Fld@menulength=\count294
\Field@Width=\dimen173
\Fld@charsize=\dimen174
Package hyperref Info: Hyper figures OFF on input line 6063.
Package hyperref Info: Link nesting OFF on input line 6068.
Package hyperref Info: Hyper index ON on input line 6071.
Package hyperref Info: backreferencing OFF on input line 6078.
Package hyperref Info: Link coloring OFF on input line 6083.
Package hyperref Info: Link coloring with OCG OFF on input line 6088.
Package hyperref Info: PDF/A mode OFF on input line 6093.
 (c:/Users/RIENZIE/AppData/Roaming/TinyTeX/texmf-dist/tex/latex/base/atbegshi-ltx.sty
Package: atbegshi-ltx 2021/01/10 v1.0c Emulation of the original atbegshi
package with kernel methods
)
\Hy@abspage=\count295
\c@Item=\count296
\c@Hfootnote=\count297
)
Package hyperref Info: Driver (autodetected): hpdftex.
 (c:/Users/RIENZIE/AppData/Roaming/TinyTeX/texmf-dist/tex/latex/hyperref/hpdftex.def
File: hpdftex.def 2024-01-20 v7.01h Hyperref driver for pdfTeX
 (c:/Users/RIENZIE/AppData/Roaming/TinyTeX/texmf-dist/tex/latex/base/atveryend-ltx.sty
Package: atveryend-ltx 2020/08/19 v1.0a Emulation of the original atveryend package
with kernel methods
)
\Fld@listcount=\count298
\c@bookmark@seq@number=\count299
 (c:/Users/RIENZIE/AppData/Roaming/TinyTeX/texmf-dist/tex/latex/rerunfilecheck/rerunfilecheck.sty
Package: rerunfilecheck 2022-07-10 v1.10 Rerun checks for auxiliary files (HO)
 (c:/Users/RIENZIE/AppData/Roaming/TinyTeX/texmf-dist/tex/generic/uniquecounter/uniquecounter.sty
Package: uniquecounter 2019/12/15 v1.4 Provide unlimited unique counter (HO)
)
Package uniquecounter Info: New unique counter `rerunfilecheck' on input line 285.
)
\Hy@SectionHShift=\skip64
) (c:/Users/RIENZIE/AppData/Roaming/TinyTeX/texmf-dist/tex/latex/amscls/amsthm.sty
Package: amsthm 2020/05/29 v2.20.6
\thm@style=\toks27
\thm@bodyfont=\toks28
\thm@headfont=\toks29
\thm@notefont=\toks30
\thm@headpunct=\toks31
\thm@preskip=\skip65
\thm@postskip=\skip66
\thm@headsep=\skip67
\dth@everypar=\toks32
)
\c@theorem=\count300
\c@lemma=\count301
\c@corollary=\count302
\c@proposition=\count303
\c@conjecture=\count304
\c@definition=\count305
\c@example=\count306
\c@exercise=\count307
\c@hypothesis=\count308
LaTeX Font Info:    Trying to load font information for T1+lmr on input line 102.
 (c:/Users/RIENZIE/AppData/Roaming/TinyTeX/texmf-dist/tex/latex/lm/t1lmr.fd
File: t1lmr.fd 2015/05/01 v1.6.1 Font defs for Latin Modern
) (c:/Users/RIENZIE/AppData/Roaming/TinyTeX/texmf-dist/tex/latex/l3backend/l3backend-pdftex.def
File: l3backend-pdftex.def 2024-02-20 L3 backend support: PDF output (pdfTeX)
\l__color_backend_stack_int=\count309
\l__pdf_internal_box=\box61
) (./_main.aux)
\openout1 = `_main.aux'.

LaTeX Font Info:    Checking defaults for OML/cmm/m/it on input line 102.
LaTeX Font Info:    ... okay on input line 102.
LaTeX Font Info:    Checking defaults for OMS/cmsy/m/n on input line 102.
LaTeX Font Info:    ... okay on input line 102.
LaTeX Font Info:    Checking defaults for OT1/cmr/m/n on input line 102.
LaTeX Font Info:    ... okay on input line 102.
LaTeX Font Info:    Checking defaults for T1/cmr/m/n on input line 102.
LaTeX Font Info:    ... okay on input line 102.
LaTeX Font Info:    Checking defaults for TS1/cmr/m/n on input line 102.
LaTeX Font Info:    ... okay on input line 102.
LaTeX Font Info:    Checking defaults for OMX/cmex/m/n on input line 102.
LaTeX Font Info:    ... okay on input line 102.
LaTeX Font Info:    Checking defaults for U/cmr/m/n on input line 102.
LaTeX Font Info:    ... okay on input line 102.
LaTeX Font Info:    Checking defaults for PD1/pdf/m/n on input line 102.
LaTeX Font Info:    ... okay on input line 102.
LaTeX Font Info:    Checking defaults for PU/pdf/m/n on input line 102.
LaTeX Font Info:    ... okay on input line 102.
 (c:/Users/RIENZIE/AppData/Roaming/TinyTeX/texmf-dist/tex/latex/epstopdf-pkg/epstopdf-base.sty
Package: epstopdf-base 2020-01-24 v2.11 Base part for package epstopdf
Package epstopdf-base Info: Redefining graphics rule for `.eps' on input line 485.
 (c:/Users/RIENZIE/AppData/Roaming/TinyTeX/texmf-dist/tex/latex/latexconfig/epstopdf-sys.cfg
File: epstopdf-sys.cfg 2010/07/13 v1.3 Configuration of (r)epstopdf for TeX Live
))
Package hyperref Info: Link coloring OFF on input line 102.
\@outlinefile=\write3
\openout3 = `_main.out'.

LaTeX Font Info:    Trying to load font information for OT1+lmr on input line 104.
 (c:/Users/RIENZIE/AppData/Roaming/TinyTeX/texmf-dist/tex/latex/lm/ot1lmr.fd
File: ot1lmr.fd 2015/05/01 v1.6.1 Font defs for Latin Modern
)
LaTeX Font Info:    Trying to load font information for OML+lmm on input line 104.
 (c:/Users/RIENZIE/AppData/Roaming/TinyTeX/texmf-dist/tex/latex/lm/omllmm.fd
File: omllmm.fd 2015/05/01 v1.6.1 Font defs for Latin Modern
)
LaTeX Font Info:    Trying to load font information for OMS+lmsy on input line 104.
 (c:/Users/RIENZIE/AppData/Roaming/TinyTeX/texmf-dist/tex/latex/lm/omslmsy.fd
File: omslmsy.fd 2015/05/01 v1.6.1 Font defs for Latin Modern
)
LaTeX Font Info:    Trying to load font information for OMX+lmex on input line 104.
 (c:/Users/RIENZIE/AppData/Roaming/TinyTeX/texmf-dist/tex/latex/lm/omxlmex.fd
File: omxlmex.fd 2015/05/01 v1.6.1 Font defs for Latin Modern
)
LaTeX Font Info:    External font `lmex10' loaded for size
(Font)              <12> on input line 104.
LaTeX Font Info:    External font `lmex10' loaded for size
(Font)              <8> on input line 104.
LaTeX Font Info:    External font `lmex10' loaded for size
(Font)              <6> on input line 104.
LaTeX Font Info:    Trying to load font information for U+msa on input line 104.
 (c:/Users/RIENZIE/AppData/Roaming/TinyTeX/texmf-dist/tex/latex/amsfonts/umsa.fd
File: umsa.fd 2013/01/14 v3.01 AMS symbols A
)
LaTeX Font Info:    Trying to load font information for U+msb on input line 104.
 (c:/Users/RIENZIE/AppData/Roaming/TinyTeX/texmf-dist/tex/latex/amsfonts/umsb.fd
File: umsb.fd 2013/01/14 v3.01 AMS symbols B
) [1


{c:/Users/RIENZIE/AppData/Roaming/TinyTeX/texmf-var/fonts/map/pdftex/updmap/pdftex.map}{c:/Users/RIENZIE/AppData/Roaming/TinyTeX/texmf-dist/fonts/enc/dvips/lm/lm-ec.enc}] [2

]
No file _main.toc.
\tf@toc=\write4
\openout4 = `_main.toc'.

[3] [4

]
Chapter 1.
LaTeX Font Info:    External font `lmex10' loaded for size
(Font)              <10> on input line 118.
LaTeX Font Info:    External font `lmex10' loaded for size
(Font)              <7> on input line 118.
LaTeX Font Info:    External font `lmex10' loaded for size
(Font)              <5> on input line 118.

LaTeX Warning: Reference `fig:gi' on page 5 undefined on input line 134.

<figures/figure 01.png, id=28, 425.79076pt x 227.04825pt>
File: figures/figure 01.png Graphic file (type png)
<use figures/figure 01.png>
Package pdftex.def Info: figures/figure 01.png  used on input line 139.
(pdftex.def)             Requested size: 345.00557pt x 183.97043pt.

LaTeX Warning: Reference `fig:fig2' on page 5 undefined on input line 144.


LaTeX Warning: Reference `fig:fig2' on page 5 undefined on input line 146.

[5{c:/Users/RIENZIE/AppData/Roaming/TinyTeX/texmf-dist/fonts/enc/dvips/lm/lm-mathit.enc}{c:/Users/RIENZIE/AppData/Roaming/TinyTeX/texmf-dist/fonts/enc/dvips/lm/lm-mathsy.enc}{c:/Users/RIENZIE/AppData/Roaming/TinyTeX/texmf-dist/fonts/enc/dvips/lm/lm-rm.enc}]
<figures/figure 02.png, id=48, 358.941pt x 91.542pt>
File: figures/figure 02.png Graphic file (type png)
<use figures/figure 02.png>
Package pdftex.def Info: figures/figure 02.png  used on input line 153.
(pdftex.def)             Requested size: 345.00116pt x 87.98688pt.
 [6 <./figures/figure 01.png> <./figures/figure 02.png>]
<figures/figure 03.jpg, id=64, 886.512pt x 428.19975pt>
File: figures/figure 03.jpg Graphic file (type jpg)
<use figures/figure 03.jpg>
Package pdftex.def Info: figures/figure 03.jpg  used on input line 195.
(pdftex.def)             Requested size: 344.9943pt x 166.63786pt.
LaTeX Font Info:    Trying to load font information for TS1+lmr on input line 213.
 (c:/Users/RIENZIE/AppData/Roaming/TinyTeX/texmf-dist/tex/latex/lm/ts1lmr.fd
File: ts1lmr.fd 2015/05/01 v1.6.1 Font defs for Latin Modern
) [7{c:/Users/RIENZIE/AppData/Roaming/TinyTeX/texmf-dist/fonts/enc/dvips/lm/lm-mathex.enc}] [8{c:/Users/RIENZIE/AppData/Roaming/TinyTeX/texmf-dist/fonts/enc/dvips/lm/lm-ts1.enc} <./figures/figure 03.jpg>] [9] [10]
<figures/figure 06.jpg, id=110, 2742.245pt x 1531.7225pt>
File: figures/figure 06.jpg Graphic file (type jpg)
<use figures/figure 06.jpg>
Package pdftex.def Info: figures/figure 06.jpg  used on input line 352.
(pdftex.def)             Requested size: 344.99748pt x 192.70357pt.
 [11 <./figures/figure 06.jpg>]
Overfull \hbox (68.10599pt too wide) detected at line 424
[][]
 []

[12]
<figures/figure 07.jpg, id=141, 2744.2525pt x 1668.2325pt>
File: figures/figure 07.jpg Graphic file (type jpg)
<use figures/figure 07.jpg>
Package pdftex.def Info: figures/figure 07.jpg  used on input line 442.
(pdftex.def)             Requested size: 344.9988pt x 209.72495pt.


LaTeX Warning: Reference `lem:finerLemma' on page 13 undefined on input line 462.


LaTeX Warning: Reference `lem:finerLemma' on page 13 undefined on input line 462.

[13 <./figures/figure 07.jpg>]

LaTeX Warning: Reference `lem:finerLemma' on page 14 undefined on input line 464.

<figures/figure 08.jpg, id=154, 2805.48125pt x 2168.1pt>
File: figures/figure 08.jpg Graphic file (type jpg)
<use figures/figure 08.jpg>
Package pdftex.def Info: figures/figure 08.jpg  used on input line 497.
(pdftex.def)             Requested size: 344.99081pt x 266.61186pt.
[14] [15 <./figures/figure 08.jpg>]
LaTeX Font Info:    External font `lmex10' loaded for size
(Font)              <14.4> on input line 518.


LaTeX Warning: Reference `fig:fig4' on page 16 undefined on input line 535.


LaTeX Warning: Reference `fig:fig5' on page 16 undefined on input line 552.

<figures/figure 04.jpg, id=171, 1471.4975pt x 1418.29875pt>
File: figures/figure 04.jpg Graphic file (type jpg)
<use figures/figure 04.jpg>
Package pdftex.def Info: figures/figure 04.jpg  used on input line 558.
(pdftex.def)             Requested size: 344.99365pt x 332.52116pt.
<figures/figure 05.jpg, id=172, 1579.9025pt x 1380.15625pt>
File: figures/figure 05.jpg Graphic file (type jpg)
<use figures/figure 05.jpg>
Package pdftex.def Info: figures/figure 05.jpg  used on input line 564.
(pdftex.def)             Requested size: 345.00014pt x 301.38196pt.
[16] [17 <./figures/figure 04.jpg>] [18 <./figures/figure 05.jpg>]
<figures/figure 09.jpg, id=194, 1067.99pt x 978.65625pt>
File: figures/figure 09.jpg Graphic file (type jpg)
<use figures/figure 09.jpg>
Package pdftex.def Info: figures/figure 09.jpg  used on input line 593.
(pdftex.def)             Requested size: 344.99043pt x 316.13315pt.


LaTeX Warning: Reference `lem:lemma110' on page 19 undefined on input line 602.


LaTeX Warning: Reference `exm:egR2' on page 19 undefined on input line 608.

<figures/figure 10.jpg, id=195, 1159.33125pt x 1084.05pt>
File: figures/figure 10.jpg Graphic file (type jpg)
<use figures/figure 10.jpg>
Package pdftex.def Info: figures/figure 10.jpg  used on input line 615.
(pdftex.def)             Requested size: 344.98936pt x 322.58745pt.

LaTeX Warning: Reference `lem:finerLemma' on page 19 undefined on input line 624.


LaTeX Warning: Reference `lem:finerLemma' on page 19 undefined on input line 630.

[19] [20 <./figures/figure 09.jpg>] [21 <./figures/figure 10.jpg>]
<figures/figure 11.jpg, id=219, 1292.83pt x 1606.0pt>
File: figures/figure 11.jpg Graphic file (type jpg)
<use figures/figure 11.jpg>
Package pdftex.def Info: figures/figure 11.jpg  used on input line 635.
(pdftex.def)             Requested size: 344.98529pt x 428.55315pt.


LaTeX Warning: Reference `lem:finerLemma' on page 22 undefined on input line 644.


LaTeX Warning: Reference `fig:fig12' on page 22 undefined on input line 656.


LaTeX Warning: Reference `lem:finerLemma' on page 22 undefined on input line 658.

<figures/figure 12.jpg, id=220, 1976.38374pt x 2777.37625pt>
File: figures/figure 12.jpg Graphic file (type jpg)
<use figures/figure 12.jpg>
Package pdftex.def Info: figures/figure 12.jpg  used on input line 665.
(pdftex.def)             Requested size: 344.99779pt x 484.81914pt.
[22] [23 <./figures/figure 11.jpg>] [24 <./figures/figure 12.jpg>]

LaTeX Warning: Reference `lem:lemmaTequalsTB' on page 25 undefined on input line 716.

<figures/figure 13.jpg, id=238, 1284.8pt x 1154.3125pt>
File: figures/figure 13.jpg Graphic file (type jpg)
<use figures/figure 13.jpg>
Package pdftex.def Info: figures/figure 13.jpg  used on input line 721.
(pdftex.def)             Requested size: 344.99901pt x 309.96004pt.

LaTeX Warning: Reference `fig:fig14' on page 25 undefined on input line 731.

<figures/figure 14.jpg, id=239, 3424.795pt x 1358.07375pt>
File: figures/figure 14.jpg Graphic file (type jpg)
<use figures/figure 14.jpg>
Package pdftex.def Info: figures/figure 14.jpg  used on input line 736.
(pdftex.def)             Requested size: 344.95569pt x 136.78928pt.
[25] [26 <./figures/figure 13.jpg> <./figures/figure 14.jpg>]

LaTeX Warning: Reference `fig:fig15' on page 27 undefined on input line 772.

<figures/figure 15.jpg, id=258, 1951.29pt x 2820.5375pt>
File: figures/figure 15.jpg Graphic file (type jpg)
<use figures/figure 15.jpg>
Package pdftex.def Info: figures/figure 15.jpg  used on input line 779.
(pdftex.def)             Requested size: 344.99423pt x 498.67993pt.
[27] [28 <./figures/figure 15.jpg>] [29] [30]

LaTeX Warning: Reference `fig:fig19' on page 31 undefined on input line 933.


LaTeX Warning: Reference `fig:fig20' on page 31 undefined on input line 937.

[31]
<figures/figure 19.jpg, id=313, 353.52075pt x 254.75175pt>
File: figures/figure 19.jpg Graphic file (type jpg)
<use figures/figure 19.jpg>
Package pdftex.def Info: figures/figure 19.jpg  used on input line 945.
(pdftex.def)             Requested size: 172.49844pt x 124.30467pt.
<figures/figure 20.jpg, id=314, 410.13225pt x 252.945pt>
File: figures/figure 20.jpg Graphic file (type jpg)
<use figures/figure 20.jpg>
Package pdftex.def Info: figures/figure 20.jpg  used on input line 949.
(pdftex.def)             Requested size: 172.49843pt x 106.38669pt.


LaTeX Warning: Reference `thm:qw' on page 32 undefined on input line 961.

[32 <./figures/figure 19.jpg> <./figures/figure 20.jpg>]

LaTeX Warning: Reference `thm:qw' on page 33 undefined on input line 1003.


LaTeX Warning: Reference `thm:qw' on page 33 undefined on input line 1011.

[33]

LaTeX Warning: Command \textbackslash invalid in math mode on input line 1046.


c:/Users/RIENZIE/Desktop/Rudin artin LInalag/Toplogy my note/topology_bookdown/_book/_main.tex:1046: LaTeX Error: Bad math environment delimiter.

See the LaTeX manual or LaTeX Companion for explanation.
Type  H <return>  for immediate help.
 ...                                              
                                                  
l.1046 ...e smallest closed set that containing \(
                                                  A\).So, \(x\in \bar{A}\)).
Your command was ignored.
Type  I <command> <return>  to replace it with another command,
or  <return>  to continue without it.

[34]

LaTeX Warning: Reference `exm:e1' on page 35 undefined on input line 1130.


LaTeX Warning: Reference `exm:e2' on page 35 undefined on input line 1130.


LaTeX Warning: Reference `prp:prop1' on page 35 undefined on input line 1143.

[35]
<figures/figure 16.jpg, id=357, 905.18175pt x 458.9145pt>
File: figures/figure 16.jpg Graphic file (type jpg)
<use figures/figure 16.jpg>
Package pdftex.def Info: figures/figure 16.jpg  used on input line 1182.
(pdftex.def)             Requested size: 345.00853pt x 174.9145pt.
File: figures/figure 02.png Graphic file (type png)
<use figures/figure 02.png>
Package pdftex.def Info: figures/figure 02.png  used on input line 1190.
(pdftex.def)             Requested size: 345.00116pt x 87.98688pt.
<figures/figure 17.jpg, id=358, 1544.77126pt x 884.30376pt>
File: figures/figure 17.jpg Graphic file (type jpg)
<use figures/figure 17.jpg>
Package pdftex.def Info: figures/figure 17.jpg  used on input line 1200.
(pdftex.def)             Requested size: 344.98927pt x 197.48898pt.
 [36] [37 <./figures/figure 16.jpg> <./figures/figure 17.jpg>]
<figures/figure 18.jpg, id=381, 735.34724pt x 452.892pt>
File: figures/figure 18.jpg Graphic file (type jpg)
<use figures/figure 18.jpg>
Package pdftex.def Info: figures/figure 18.jpg  used on input line 1258.
(pdftex.def)             Requested size: 344.99612pt x 212.47919pt.
 [38] [39 <./figures/figure 18.jpg>] [40]
Chapter 2.
[41

] [42

]
Chapter 3.
[43] [44

]
Chapter 4.

c:/Users/RIENZIE/Desktop/Rudin artin LInalag/Toplogy my note/topology_bookdown/_book/_main.tex:1343: LaTeX Error: Bad math environment delimiter.

See the LaTeX manual or LaTeX Companion for explanation.
Type  H <return>  for immediate help.
 ...                                              
                                                  
l.1343 ...hat if \(Y\) is a subspace of $X, and \(
                                                  A\) is a subset of \(Y\) ,...
Your command was ignored.
Type  I <command> <return>  to replace it with another command,
or  <return>  to continue without it.

<figures/Exercises/Ex 2.16/ex1-1.png, id=433, 476.37975pt x 533.5935pt>
File: figures/Exercises/Ex 2.16/ex1-1.png Graphic file (type png)
<use figures/Exercises/Ex 2.16/ex1-1.png>
Package pdftex.def Info: figures/Exercises/Ex 2.16/ex1-1.png  used on input line 1359.
(pdftex.def)             Requested size: 344.99937pt x 386.4342pt.

Underfull \vbox (badness 10000) has occurred while \output is active []

 [45]
<figures/Exercises/Ex 2.16/ex1-2.png, id=443, 566.71725pt x 455.90324pt>
File: figures/Exercises/Ex 2.16/ex1-2.png Graphic file (type png)
<use figures/Exercises/Ex 2.16/ex1-2.png>
Package pdftex.def Info: figures/Exercises/Ex 2.16/ex1-2.png  used on input line 1361.
(pdftex.def)             Requested size: 345.01387pt x 277.551pt.

Underfull \vbox (badness 10000) has occurred while \output is active []

 [46 <./figures/Exercises/Ex 2.16/ex1-1.png>]
<figures/Exercises/Ex 2.16/ex 2.jpg, id=449, 2012.51875pt x 2868.7175pt>
File: figures/Exercises/Ex 2.16/ex 2.jpg Graphic file (type jpg)
<use figures/Exercises/Ex 2.16/ex 2.jpg>
Package pdftex.def Info: figures/Exercises/Ex 2.16/ex 2.jpg  used on input line 1369.
(pdftex.def)             Requested size: 344.97955pt x 491.74643pt.

Overfull \hbox (48.21306pt too wide) in paragraph at lines 1368--1370
[]\T1/lmr/bx/n/10 Solution\T1/lmr/m/n/10 : [] 
 []


Underfull \vbox (badness 10000) has occurred while \output is active []

 [47 <./figures/Exercises/Ex 2.16/ex1-2.png>]
Underfull \vbox (badness 10000) has occurred while \output is active []

 [48 <./figures/Exercises/Ex 2.16/ex 2.jpg>]
<figures/Exercises/Ex 2.16/ex 3-1.jpg, id=463, 1981.4025pt x 2981.1375pt>
File: figures/Exercises/Ex 2.16/ex 3-1.jpg Graphic file (type jpg)
<use figures/Exercises/Ex 2.16/ex 3-1.jpg>
Package pdftex.def Info: figures/Exercises/Ex 2.16/ex 3-1.jpg  used on input line 1383.
(pdftex.def)             Requested size: 344.99709pt x 519.06856pt.

Overfull \hbox (48.23059pt too wide) in paragraph at lines 1382--1384
[]\T1/lmr/bx/n/10 Solution\T1/lmr/m/n/10 : [] 
 []


Underfull \vbox (badness 10000) has occurred while \output is active []

 [49]
<figures/Exercises/Ex 2.16/ex 3-2.jpg, id=474, 1606.0pt x 1400.23125pt>
File: figures/Exercises/Ex 2.16/ex 3-2.jpg Graphic file (type jpg)
<use figures/Exercises/Ex 2.16/ex 3-2.jpg>
Package pdftex.def Info: figures/Exercises/Ex 2.16/ex 3-2.jpg  used on input line 1385.
(pdftex.def)             Requested size: 344.98921pt x 300.78746pt.

Underfull \vbox (badness 10000) has occurred while \output is active []

 [50 <./figures/Exercises/Ex 2.16/ex 3-1.jpg>] [51 <./figures/Exercises/Ex 2.16/ex 3-2.jpg>]

LaTeX Warning: Reference `lem:finerLemma' on page 52 undefined on input line 1433.


LaTeX Warning: Reference `fig:fig12' on page 52 undefined on input line 1445.


LaTeX Warning: Reference `lem:finerLemma' on page 52 undefined on input line 1447.

File: figures/figure 12.jpg Graphic file (type jpg)
<use figures/figure 12.jpg>
Package pdftex.def Info: figures/figure 12.jpg  used on input line 1454.
(pdftex.def)             Requested size: 344.99779pt x 484.81914pt.
<figures/Exercises/Ex 2.16/ex-10-1.png, id=493, 413.74574pt x 516.7305pt>
File: figures/Exercises/Ex 2.16/ex-10-1.png Graphic file (type png)
<use figures/Exercises/Ex 2.16/ex-10-1.png>
Package pdftex.def Info: figures/Exercises/Ex 2.16/ex-10-1.png  used on input line 1460.
(pdftex.def)             Requested size: 345.01875pt x 430.89679pt.
<figures/Exercises/Ex 2.16/ex-10-2.png, id=494, 431.81325pt x 455.301pt>
File: figures/Exercises/Ex 2.16/ex-10-2.png Graphic file (type png)
<use figures/Exercises/Ex 2.16/ex-10-2.png>
Package pdftex.def Info: figures/Exercises/Ex 2.16/ex-10-2.png  used on input line 1461.
(pdftex.def)             Requested size: 345.02277pt x 363.7897pt.
<figures/Exercises/Ex 2.16/ex-10-3.png, id=495, 434.8245pt x 438.438pt>
File: figures/Exercises/Ex 2.16/ex-10-3.png Graphic file (type png)
<use figures/Exercises/Ex 2.16/ex-10-3.png>
Package pdftex.def Info: figures/Exercises/Ex 2.16/ex-10-3.png  used on input line 1462.
(pdftex.def)             Requested size: 345.00705pt x 347.87416pt.
<figures/Exercises/Ex 2.16/ex-10-4.png, id=496, 476.37975pt x 514.92375pt>
File: figures/Exercises/Ex 2.16/ex-10-4.png Graphic file (type png)
<use figures/Exercises/Ex 2.16/ex-10-4.png>
Package pdftex.def Info: figures/Exercises/Ex 2.16/ex-10-4.png  used on input line 1463.
(pdftex.def)             Requested size: 344.99937pt x 372.91336pt.
<figures/Exercises/Ex 2.16/ex-10-5.png, id=497, 428.802pt x 507.69675pt>
File: figures/Exercises/Ex 2.16/ex-10-5.png Graphic file (type png)
<use figures/Exercises/Ex 2.16/ex-10-5.png>
Package pdftex.def Info: figures/Exercises/Ex 2.16/ex-10-5.png  used on input line 1464.
(pdftex.def)             Requested size: 345.0115pt x 408.48975pt.

Underfull \hbox (badness 10000) in paragraph at lines 1460--1465
[]
 []

[52] [53]
Underfull \vbox (badness 10000) has occurred while \output is active []

 [54 <./figures/Exercises/Ex 2.16/ex-10-1.png>]
Underfull \vbox (badness 10000) has occurred while \output is active []

 [55 <./figures/Exercises/Ex 2.16/ex-10-2.png>]
Underfull \vbox (badness 10000) has occurred while \output is active []

 [56 <./figures/Exercises/Ex 2.16/ex-10-3.png>]
Underfull \vbox (badness 10000) has occurred while \output is active []

 [57 <./figures/Exercises/Ex 2.16/ex-10-4.png>] [58 <./figures/Exercises/Ex 2.16/ex-10-5.png>]

LaTeX Warning: Reference `fig:fige15' on page 59 undefined on input line 1490.

File: figures/figure 15.jpg Graphic file (type jpg)
<use figures/figure 15.jpg>
Package pdftex.def Info: figures/figure 15.jpg  used on input line 1496.
(pdftex.def)             Requested size: 344.99423pt x 498.67993pt.
<figures/Exercises/Ex 2.16/ex-10-6.png, id=538, 335.45325pt x 407.121pt>
File: figures/Exercises/Ex 2.16/ex-10-6.png Graphic file (type png)
<use figures/Exercises/Ex 2.16/ex-10-6.png>
Package pdftex.def Info: figures/Exercises/Ex 2.16/ex-10-6.png  used on input line 1500.
(pdftex.def)             Requested size: 335.46263pt x 407.13243pt.

Underfull \vbox (badness 10000) has occurred while \output is active []

 [59] [60]
<figures/Exercises/Ex 2.16/ex-10-7.png, id=548, 744.381pt x 512.51476pt>
File: figures/Exercises/Ex 2.16/ex-10-7.png Graphic file (type png)
<use figures/Exercises/Ex 2.16/ex-10-7.png>
Package pdftex.def Info: figures/Exercises/Ex 2.16/ex-10-7.png  used on input line 1502.
(pdftex.def)             Requested size: 344.99776pt x 237.53485pt.

Underfull \vbox (badness 10000) has occurred while \output is active []

 [61 <./figures/Exercises/Ex 2.16/ex-10-6.png>]
<figures/Exercises/Ex 2.16/ex-10-8.png, id=555, 628.14674pt x 531.78674pt>
File: figures/Exercises/Ex 2.16/ex-10-8.png Graphic file (type png)
<use figures/Exercises/Ex 2.16/ex-10-8.png>
Package pdftex.def Info: figures/Exercises/Ex 2.16/ex-10-8.png  used on input line 1504.
(pdftex.def)             Requested size: 345.00255pt x 292.0779pt.

Underfull \vbox (badness 10000) has occurred while \output is active []

 [62 <./figures/Exercises/Ex 2.16/ex-10-7.png>]

c:/Users/RIENZIE/Desktop/Rudin artin LInalag/Toplogy my note/topology_bookdown/_book/_main.tex:1510: LaTeX Error: Bad math environment delimiter.

See the LaTeX manual or LaTeX Companion for explanation.
Type  H <return>  for immediate help.
 ...                                              
                                                  
l.1510 ...t \(X\). Suppose that $$\emptyset and \(
                                                  X\) are in \(\mathcal{C}\)...
Your command was ignored.
Type  I <command> <return>  to replace it with another command,
or  <return>  to continue without it.


c:/Users/RIENZIE/Desktop/Rudin artin LInalag/Toplogy my note/topology_bookdown/_book/_main.tex:1510: LaTeX Error: Bad math environment delimiter.

See the LaTeX manual or LaTeX Companion for explanation.
Type  H <return>  for immediate help.
 ...                                              
                                                  
l.1510 ...(X\). Suppose that $$\emptyset and \(X\)
                                                   are in \(\mathcal{C}\), a...
Your command was ignored.
Type  I <command> <return>  to replace it with another command,
or  <return>  to continue without it.


c:/Users/RIENZIE/Desktop/Rudin artin LInalag/Toplogy my note/topology_bookdown/_book/_main.tex:1510: LaTeX Error: Bad math environment delimiter.

See the LaTeX manual or LaTeX Companion for explanation.
Type  H <return>  for immediate help.
 ...                                              
                                                  
l.1510 ...ose that $$\emptyset and \(X\) are in \(
                                                  \mathcal{C}\), and that fi...
Your command was ignored.
Type  I <command> <return>  to replace it with another command,
or  <return>  to continue without it.


c:/Users/RIENZIE/Desktop/Rudin artin LInalag/Toplogy my note/topology_bookdown/_book/_main.tex:1510: LaTeX Error: Bad math environment delimiter.

See the LaTeX manual or LaTeX Companion for explanation.
Type  H <return>  for immediate help.
 ...                                              
                                                  
l.1510 ...mptyset and \(X\) are in \(\mathcal{C}\)
                                                  , and that finite unions a...
Your command was ignored.
Type  I <command> <return>  to replace it with another command,
or  <return>  to continue without it.


c:/Users/RIENZIE/Desktop/Rudin artin LInalag/Toplogy my note/topology_bookdown/_book/_main.tex:1510: LaTeX Error: Bad math environment delimiter.

See the LaTeX manual or LaTeX Companion for explanation.
Type  H <return>  for immediate help.
 ...                                              
                                                  
l.1510 ...rbitrary intersections of elements of \(
                                                  \mathcal{C}\) are in \(\ma...
Your command was ignored.
Type  I <command> <return>  to replace it with another command,
or  <return>  to continue without it.


c:/Users/RIENZIE/Desktop/Rudin artin LInalag/Toplogy my note/topology_bookdown/_book/_main.tex:1510: LaTeX Error: Bad math environment delimiter.

See the LaTeX manual or LaTeX Companion for explanation.
Type  H <return>  for immediate help.
 ...                                              
                                                  
l.1510 ...rsections of elements of \(\mathcal{C}\)
                                                   are in \(\mathcal{C}\). S...
Your command was ignored.
Type  I <command> <return>  to replace it with another command,
or  <return>  to continue without it.


c:/Users/RIENZIE/Desktop/Rudin artin LInalag/Toplogy my note/topology_bookdown/_book/_main.tex:1510: LaTeX Error: Bad math environment delimiter.

See the LaTeX manual or LaTeX Companion for explanation.
Type  H <return>  for immediate help.
 ...                                              
                                                  
l.1510 ...of elements of \(\mathcal{C}\) are in \(
                                                  \mathcal{C}\). Show that t...
Your command was ignored.
Type  I <command> <return>  to replace it with another command,
or  <return>  to continue without it.


c:/Users/RIENZIE/Desktop/Rudin artin LInalag/Toplogy my note/topology_bookdown/_book/_main.tex:1510: LaTeX Error: Bad math environment delimiter.

See the LaTeX manual or LaTeX Companion for explanation.
Type  H <return>  for immediate help.
 ...                                              
                                                  
l.1510 ...f \(\mathcal{C}\) are in \(\mathcal{C}\)
                                                  . Show that the collection
Your command was ignored.
Type  I <command> <return>  to replace it with another command,
or  <return>  to continue without it.


c:/Users/RIENZIE/Desktop/Rudin artin LInalag/Toplogy my note/topology_bookdown/_book/_main.tex:1511: LaTeX Error: Bad math environment delimiter.

See the LaTeX manual or LaTeX Companion for explanation.
Type  H <return>  for immediate help.
 ...                                              
                                                  
l.1511 \[
         \mathcal{T} = \{X \setminus C  | C\in  \mathcal{C}\}\]
Your command was ignored.
Type  I <command> <return>  to replace it with another command,
or  <return>  to continue without it.

c:/Users/RIENZIE/Desktop/Rudin artin LInalag/Toplogy my note/topology_bookdown/_book/_main.tex:1511: Missing \endgroup inserted.
<inserted text> 
                \endgroup 
l.1511 ...\{X \setminus C  | C\in  \mathcal{C}\}\]
                                                  
I've inserted something that you may have forgotten.
(See the <inserted text> above.)
With luck, this will get me unwedged. But if you
really didn't forget anything, try typing `2' now; then
my insertion and my current dilemma will both disappear.


Overfull \hbox (211.4078pt too wide) detected at line 1511
\OMS/lmsy/m/n/10 ;\OML/lmm/m/it/10 andXarein\OMS/lmsy/m/n/10 C\OML/lmm/m/it/10 ; andthatfiniteunionsandarbitraryintersectionsofelementsof\OMS/lmsy/m/n/10 C\OML/lmm/m/it/10 arein\OMS/lmsy/m/n/10 C\OML/lmm/m/it/10 :Showthatthecollection\OMS/lmsy/m/n/10 T \OT1/lmr/m/n/10 = \OMS/lmsy/m/n/10 f\OML/lmm/m/it/10 X \OMS/lmsy/m/n/10 n \OML/lmm/m/it/10 C\OMS/lmsy/m/n/10 j\OML/lmm/m/it/10 C \OMS/lmsy/m/n/10 2 Cg
 []


c:/Users/RIENZIE/Desktop/Rudin artin LInalag/Toplogy my note/topology_bookdown/_book/_main.tex:1511: LaTeX Error: \begin{exercise} on input line 1509 ended by \end{equation*}.

See the LaTeX manual or LaTeX Companion for explanation.
Type  H <return>  for immediate help.
 ...                                              
                                                  
l.1511 ...\{X \setminus C  | C\in  \mathcal{C}\}\]
                                                  
Your command was ignored.
Type  I <command> <return>  to replace it with another command,
or  <return>  to continue without it.


c:/Users/RIENZIE/Desktop/Rudin artin LInalag/Toplogy my note/topology_bookdown/_book/_main.tex:1513: LaTeX Error: \begin{document} ended by \end{exercise}.

See the LaTeX manual or LaTeX Companion for explanation.
Type  H <return>  for immediate help.
 ...                                              
                                                  
l.1513 \end{exercise}
                     
Your command was ignored.
Type  I <command> <return>  to replace it with another command,
or  <return>  to continue without it.

c:/Users/RIENZIE/Desktop/Rudin artin LInalag/Toplogy my note/topology_bookdown/_book/_main.tex:1513: Extra \endgroup.
<recently read> \endgroup 
                          
l.1513 \end{exercise}
                     
Things are pretty mixed up, but I think the worst is over.

[63 <./figures/Exercises/Ex 2.16/ex-10-8.png>]

LaTeX Warning: Reference `thm:qw' on page 64 undefined on input line 1552.


Overfull \hbox (10.5311pt too wide) in alignment at lines 1565--1571
 [][][] []
 []


Underfull \hbox (badness 10000) in paragraph at lines 1583--1584

 []

[64] [65]
Underfull \hbox (badness 10000) in paragraph at lines 1677--1679

 []

[66]
<figures/Exercises/Ex 2.17/ex-8-1.png, id=602, 620.91975pt x 537.80925pt>
File: figures/Exercises/Ex 2.17/ex-8-1.png Graphic file (type png)
<use figures/Exercises/Ex 2.17/ex-8-1.png>
Package pdftex.def Info: figures/Exercises/Ex 2.17/ex-8-1.png  used on input line 1711.
(pdftex.def)             Requested size: 345.00299pt x 298.82411pt.
<figures/Exercises/Ex 2.17/ex-8-2.png, id=603, 407.121pt x 523.9575pt>
File: figures/Exercises/Ex 2.17/ex-8-2.png Graphic file (type png)
<use figures/Exercises/Ex 2.17/ex-8-2.png>
Package pdftex.def Info: figures/Exercises/Ex 2.17/ex-8-2.png  used on input line 1714.
(pdftex.def)             Requested size: 345.01706pt x 444.03082pt.

Underfull \vbox (badness 10000) has occurred while \output is active []

 [67 <./figures/Exercises/Ex 2.17/ex-8-1.png>]
<figures/Exercises/Ex 2.17/ex-8-3.png, id=612, 403.5075pt x 506.49225pt>
File: figures/Exercises/Ex 2.17/ex-8-3.png Graphic file (type png)
<use figures/Exercises/Ex 2.17/ex-8-3.png>
Package pdftex.def Info: figures/Exercises/Ex 2.17/ex-8-3.png  used on input line 1717.
(pdftex.def)             Requested size: 345.0025pt x 433.05537pt.
<figures/Exercises/Ex 2.17/ex-8-4.png, id=613, 552.26324pt x 532.99126pt>
File: figures/Exercises/Ex 2.17/ex-8-4.png Graphic file (type png)
<use figures/Exercises/Ex 2.17/ex-8-4.png>
Package pdftex.def Info: figures/Exercises/Ex 2.17/ex-8-4.png  used on input line 1718.
(pdftex.def)             Requested size: 345.00356pt x 332.96419pt.

Underfull \vbox (badness 10000) has occurred while \output is active []

 [68 <./figures/Exercises/Ex 2.17/ex-8-2.png>]
Underfull \vbox (badness 10000) has occurred while \output is active []

 [69 <./figures/Exercises/Ex 2.17/ex-8-3.png>]
<figures/Exercises/Ex 2.17/ex-9.png, id=624, 442.65375pt x 549.252pt>
File: figures/Exercises/Ex 2.17/ex-9.png Graphic file (type png)
<use figures/Exercises/Ex 2.17/ex-9.png>
Package pdftex.def Info: figures/Exercises/Ex 2.17/ex-9.png  used on input line 1725.
(pdftex.def)             Requested size: 345.0186pt x 428.10474pt.

Underfull \vbox (badness 10000) has occurred while \output is active []

 [70 <./figures/Exercises/Ex 2.17/ex-8-4.png>]
<figures/Exercises/Ex 2.17/ex-10.png, id=632, 507.0945pt x 531.1845pt>
File: figures/Exercises/Ex 2.17/ex-10.png Graphic file (type png)
<use figures/Exercises/Ex 2.17/ex-10.png>
Package pdftex.def Info: figures/Exercises/Ex 2.17/ex-10.png  used on input line 1731.
(pdftex.def)             Requested size: 345.02086pt x 361.4114pt.

Underfull \vbox (badness 10000) has occurred while \output is active []

 [71 <./figures/Exercises/Ex 2.17/ex-9.png>]
<figures/Exercises/Ex 2.17/ex-11.png, id=640, 452.892pt x 564.30824pt>
File: figures/Exercises/Ex 2.17/ex-11.png Graphic file (type png)
<use figures/Exercises/Ex 2.17/ex-11.png>
Package pdftex.def Info: figures/Exercises/Ex 2.17/ex-11.png  used on input line 1737.
(pdftex.def)             Requested size: 345.01003pt x 429.88615pt.

Underfull \vbox (badness 10000) has occurred while \output is active []

 [72 <./figures/Exercises/Ex 2.17/ex-10.png>]
<figures/Exercises/Ex 2.17/ex-12.png, id=648, 858.8085pt x 452.892pt>
File: figures/Exercises/Ex 2.17/ex-12.png Graphic file (type png)
<use figures/Exercises/Ex 2.17/ex-12.png>
Package pdftex.def Info: figures/Exercises/Ex 2.17/ex-12.png  used on input line 1743.
(pdftex.def)             Requested size: 344.99811pt x 181.93448pt.

Underfull \vbox (badness 10000) has occurred while \output is active []

 [73 <./figures/Exercises/Ex 2.17/ex-11.png>]
<figures/Exercises/Ex 2.17/ex-13.png, id=657, 364.9635pt x 453.49425pt>
File: figures/Exercises/Ex 2.17/ex-13.png Graphic file (type png)
<use figures/Exercises/Ex 2.17/ex-13.png>
Package pdftex.def Info: figures/Exercises/Ex 2.17/ex-13.png  used on input line 1749.
(pdftex.def)             Requested size: 345.0204pt x 428.71349pt.

Underfull \vbox (badness 10000) has occurred while \output is active []

 [74 <./figures/Exercises/Ex 2.17/ex-12.png>]
<figures/Exercises/Ex 2.17/ex-14.png, id=665, 614.295pt x 505.89pt>
File: figures/Exercises/Ex 2.17/ex-14.png Graphic file (type png)
<use figures/Exercises/Ex 2.17/ex-14.png>
Package pdftex.def Info: figures/Exercises/Ex 2.17/ex-14.png  used on input line 1755.
(pdftex.def)             Requested size: 345.0058pt x 284.12242pt.

Underfull \vbox (badness 10000) has occurred while \output is active []

 [75 <./figures/Exercises/Ex 2.17/ex-13.png>]
<figures/Exercises/Ex 2.17/ex-15-1.png, id=673, 401.70074pt x 506.49225pt>
File: figures/Exercises/Ex 2.17/ex-15-1.png Graphic file (type png)
<use figures/Exercises/Ex 2.17/ex-15-1.png>
Package pdftex.def Info: figures/Exercises/Ex 2.17/ex-15-1.png  used on input line 1761.
(pdftex.def)             Requested size: 345.00844pt x 435.01067pt.

Underfull \vbox (badness 10000) has occurred while \output is active []

 [76 <./figures/Exercises/Ex 2.17/ex-14.png>]
<figures/Exercises/Ex 2.17/ex-15-2.png, id=682, 410.13225pt x 507.69675pt>
File: figures/Exercises/Ex 2.17/ex-15-2.png Graphic file (type png)
<use figures/Exercises/Ex 2.17/ex-15-2.png>
Package pdftex.def Info: figures/Exercises/Ex 2.17/ex-15-2.png  used on input line 1763.
(pdftex.def)             Requested size: 345.00313pt x 427.07436pt.

Underfull \vbox (badness 10000) has occurred while \output is active []

 [77 <./figures/Exercises/Ex 2.17/ex-15-1.png>]
Underfull \vbox (badness 10000) has occurred while \output is active []

 [78 <./figures/Exercises/Ex 2.17/ex-15-2.png>]
<figures/Exercises/Ex 2.17/Notsure.png, id=695, 628.14674pt x 465.53925pt>
File: figures/Exercises/Ex 2.17/Notsure.png Graphic file (type png)
<use figures/Exercises/Ex 2.17/Notsure.png>
Package pdftex.def Info: figures/Exercises/Ex 2.17/Notsure.png  used on input line 1789.
(pdftex.def)             Requested size: 345.00255pt x 255.69218pt.


Package longtable Warning: Column widths have changed
(longtable)                in table 4.1 on input line 1806.

[79 <./figures/Exercises/Ex 2.17/Notsure.png>]
File: figures/Exercises/Ex 2.17/Notsure.png Graphic file (type png)
<use figures/Exercises/Ex 2.17/Notsure.png>
Package pdftex.def Info: figures/Exercises/Ex 2.17/Notsure.png  used on input line 1812.
(pdftex.def)             Requested size: 345.00255pt x 255.69218pt.

No file _main.bbl.

Package longtable Warning: Table widths have changed. Rerun LaTeX.

[80] (./_main.aux)
 ***********
LaTeX2e <2023-11-01> patch level 1
L3 programming layer <2024-02-20>
 ***********


LaTeX Warning: There were undefined references.


LaTeX Warning: Label(s) may have changed. Rerun to get cross-references right.


Package rerunfilecheck Warning: File `_main.out' has changed.
(rerunfilecheck)                Rerun to get outlines right
(rerunfilecheck)                or use package `bookmark'.

Package rerunfilecheck Info: Checksums for `_main.out':
(rerunfilecheck)             Before: <no file>
(rerunfilecheck)             After:  7FBD3B3D898910F02D40330BF3E923C0;2160.
 ) 
Here is how much of TeX's memory you used:
 11941 strings out of 476076
 191111 string characters out of 5791178
 1941190 words of memory out of 5000000
 33499 multiletter control sequences out of 15000+600000
 633786 words of font info for 89 fonts, out of 8000000 for 9000
 14 hyphenation exceptions out of 8191
 75i,15n,79p,1239b,665s stack positions out of 10000i,1000n,20000p,200000b,200000s
<c:/Users/RIENZIE/AppData/Roaming/TinyTeX/texmf-dist/fonts/type1/public/lm/lmbx10.pfb><c:/Users/RIENZIE/AppData/Roaming/TinyTeX/texmf-dist/fonts/type1/public/lm/lmbx12.pfb><c:/Users/RIENZIE/AppData/Roaming/TinyTeX/texmf-dist/fonts/type1/public/lm/lmex10.pfb><c:/Users/RIENZIE/AppData/Roaming/TinyTeX/texmf-dist/fonts/type1/public/lm/lmmi10.pfb><c:/Users/RIENZIE/AppData/Roaming/TinyTeX/texmf-dist/fonts/type1/public/lm/lmmi12.pfb><c:/Users/RIENZIE/AppData/Roaming/TinyTeX/texmf-dist/fonts/type1/public/lm/lmmi7.pfb><c:/Users/RIENZIE/AppData/Roaming/TinyTeX/texmf-dist/fonts/type1/public/lm/lmr10.pfb><c:/Users/RIENZIE/AppData/Roaming/TinyTeX/texmf-dist/fonts/type1/public/lm/lmr12.pfb><c:/Users/RIENZIE/AppData/Roaming/TinyTeX/texmf-dist/fonts/type1/public/lm/lmr17.pfb><c:/Users/RIENZIE/AppData/Roaming/TinyTeX/texmf-dist/fonts/type1/public/lm/lmr7.pfb><c:/Users/RIENZIE/AppData/Roaming/TinyTeX/texmf-dist/fonts/type1/public/lm/lmri10.pfb><c:/Users/RIENZIE/AppData/Roaming/TinyTeX/texmf-dist/fonts/type1/public/lm/lmro10.pfb><c:/Users/RIENZIE/AppData/Roaming/TinyTeX/texmf-dist/fonts/type1/public/lm/lmsy10.pfb><c:/Users/RIENZIE/AppData/Roaming/TinyTeX/texmf-dist/fonts/type1/public/lm/lmsy7.pfb><c:/Users/RIENZIE/AppData/Roaming/TinyTeX/texmf-dist/fonts/type1/public/amsfonts/symbols/msam10.pfb><c:/Users/RIENZIE/AppData/Roaming/TinyTeX/texmf-dist/fonts/type1/public/amsfonts/symbols/msbm10.pfb><c:/Users/RIENZIE/AppData/Roaming/TinyTeX/texmf-dist/fonts/type1/public/amsfonts/symbols/msbm7.pfb>
Output written on _main.pdf (80 pages, 6712658 bytes).
PDF statistics:
 883 PDF objects out of 1000 (max. 8388607)
 686 compressed objects within 7 object streams
 366 named destinations out of 1000 (max. 500000)
 231 words of extra memory for PDF output out of 10000 (max. 10000000)

